<?xml version="1.0" encoding="UTF-8"?>
<!-- Generated by org.testng.reporters.JUnitXMLReporter -->
<testsuite hostname="WEB-SANTOSHB" ignored="0" name="PhoenixDashboardBrokenlinkTest" tests="1" failures="1" timestamp="15 Mar 2019 16:35:31 GMT" time="8.855" errors="0">
  <testcase name="Broken_Links_dashboard" time="7.884" classname="in.dishtv.Phoenix.PhoenixDashboardBrokenlinkTest">
    <failure type="java.lang.NullPointerException" message="null value in entry: url=null">
      <![CDATA[java.lang.NullPointerException: null value in entry: url=null
at com.google.common.collect.CollectPreconditions.checkEntryNotNull(CollectPreconditions.java:33)
at com.google.common.collect.SingletonImmutableBiMap.<init>(SingletonImmutableBiMap.java:39)
at com.google.common.collect.ImmutableBiMap.of(ImmutableBiMap.java:49)
at com.google.common.collect.ImmutableMap.of(ImmutableMap.java:70)
at org.openqa.selenium.remote.RemoteWebDriver.get(RemoteWebDriver.java:316)
at in.dishtv.Phoenix.PhoenixDashboardBrokenlinkPage.BrokenLinks(PhoenixDashboardBrokenlinkPage.java:35)
at in.dishtv.Phoenix.PhoenixDashboardBrokenlinkTest.Broken_Links_dashboard(PhoenixDashboardBrokenlinkTest.java:19)
... Removed 25 stack frames]]>
    </failure>
  </testcase> <!-- Broken_Links_dashboard -->
</testsuite> <!-- PhoenixDashboardBrokenlinkTest -->
