<?xml version="1.0" encoding="UTF-8"?>
<!-- Generated by org.testng.reporters.JUnitXMLReporter -->
<testsuite hostname="IT-VIVEK" ignored="0" name="Home_Screen_linkVerificationTest" tests="3" failures="3" timestamp="17 Dec 2018 10:08:05 GMT" time="3.951" errors="0">
  <testcase name="bannerVerification" time="0.005" classname="in.dishtv.generictest.HomeTest">
    <failure type="java.lang.NullPointerException" message="null value in entry: url=null">
      <![CDATA[java.lang.NullPointerException: null value in entry: url=null
at com.google.common.collect.CollectPreconditions.checkEntryNotNull(CollectPreconditions.java:33)
at com.google.common.collect.SingletonImmutableBiMap.<init>(SingletonImmutableBiMap.java:39)
at com.google.common.collect.ImmutableBiMap.of(ImmutableBiMap.java:49)
at com.google.common.collect.ImmutableMap.of(ImmutableMap.java:70)
at org.openqa.selenium.remote.RemoteWebDriver.get(RemoteWebDriver.java:316)
at org.openqa.selenium.remote.RemoteWebDriver$RemoteNavigation.to(RemoteWebDriver.java:969)
at in.dishtv.library.BaseLibrary.initializeApplication(BaseLibrary.java:19)
at in.dishtv.generictest.HomeTest.bannerVerification(HomeTest.java:30)
... Removed 25 stack frames]]>
    </failure>
  </testcase> <!-- bannerVerification -->
  <testcase name="homeIconVerification" time="0.001" classname="in.dishtv.generictest.HomeTest">
    <failure type="java.lang.NullPointerException" message="null value in entry: url=null">
      <![CDATA[java.lang.NullPointerException: null value in entry: url=null
at com.google.common.collect.CollectPreconditions.checkEntryNotNull(CollectPreconditions.java:33)
at com.google.common.collect.SingletonImmutableBiMap.<init>(SingletonImmutableBiMap.java:39)
at com.google.common.collect.ImmutableBiMap.of(ImmutableBiMap.java:49)
at com.google.common.collect.ImmutableMap.of(ImmutableMap.java:70)
at org.openqa.selenium.remote.RemoteWebDriver.get(RemoteWebDriver.java:316)
at org.openqa.selenium.remote.RemoteWebDriver$RemoteNavigation.to(RemoteWebDriver.java:969)
at in.dishtv.library.BaseLibrary.initializeApplication(BaseLibrary.java:19)
at in.dishtv.generictest.HomeTest.homeIconVerification(HomeTest.java:39)
... Removed 25 stack frames]]>
    </failure>
  </testcase> <!-- homeIconVerification -->
  <testcase name="verifyAlllinksOnHomeScreen" time="0.001" classname="in.dishtv.generictest.HomeTest">
    <failure type="java.lang.NullPointerException" message="null value in entry: url=null">
      <![CDATA[java.lang.NullPointerException: null value in entry: url=null
at com.google.common.collect.CollectPreconditions.checkEntryNotNull(CollectPreconditions.java:33)
at com.google.common.collect.SingletonImmutableBiMap.<init>(SingletonImmutableBiMap.java:39)
at com.google.common.collect.ImmutableBiMap.of(ImmutableBiMap.java:49)
at com.google.common.collect.ImmutableMap.of(ImmutableMap.java:70)
at org.openqa.selenium.remote.RemoteWebDriver.get(RemoteWebDriver.java:316)
at org.openqa.selenium.remote.RemoteWebDriver$RemoteNavigation.to(RemoteWebDriver.java:969)
at in.dishtv.library.BaseLibrary.initializeApplication(BaseLibrary.java:19)
at in.dishtv.generictest.HomeTest.verifyAlllinksOnHomeScreen(HomeTest.java:21)
... Removed 25 stack frames]]>
    </failure>
  </testcase> <!-- verifyAlllinksOnHomeScreen -->
</testsuite> <!-- Home_Screen_linkVerificationTest -->
