<?xml version="1.0" encoding="UTF-8"?>
<!-- Generated by org.testng.reporters.JUnitXMLReporter -->
<testsuite hostname="WEB-SANTOSHB" ignored="0" name="Website_dishtv" tests="9" failures="0" timestamp="28 Jan 2019 10:00:22 GMT" time="88.607" errors="0">
  <testcase name="Website_Click_on_SUBSCRIBER_CORNER_001" time="5.079" classname="in.dishtv.Website_dishtv.Website_dishtvloginLogoutTest"/>
  <testcase name="Website_To_Check_Title_002" time="0.059" classname="in.dishtv.Website_dishtv.Website_dishtvloginLogoutTest"/>
  <testcase name="Website_login_window_Open_003" time="4.863" classname="in.dishtv.Website_dishtv.Website_dishtvloginLogoutTest"/>
  <testcase name="Website_login_Feature_valid_Rmn_Valid_Pwd_004" time="34.976" classname="in.dishtv.Website_dishtv.Website_dishtvloginLogoutTest"/>
  <testcase name="Website_login_Feature_valid_VC_Valid_Pwd_005" time="31.635" classname="in.dishtv.Website_dishtv.Website_dishtvloginLogoutTest"/>
  <testcase name="WebsiteLoginBlankUseridBlankPassword_006" time="3.804" classname="in.dishtv.Website_dishtv.Website_dishtvloginLogoutTest"/>
  <testcase name="WebsiteLoginValidRmnInvalidPwd_007" time="2.486" classname="in.dishtv.Website_dishtv.Website_dishtvloginLogoutTest"/>
  <testcase name="WebsiteLoginValidVcInvalidPwd_008" time="2.334" classname="in.dishtv.Website_dishtv.Website_dishtvloginLogoutTest"/>
  <testcase name="WebsiteLoginValidRmnBlankPwd_009" time="2.331" classname="in.dishtv.Website_dishtv.Website_dishtvloginLogoutTest"/>
</testsuite> <!-- Website_dishtv -->
