<?xml version="1.0" encoding="UTF-8"?>
<!-- Generated by org.testng.reporters.JUnitXMLReporter -->
<testsuite hostname="IT-SANTOSHB" name="Easypay_Sap_Credit_BalanceTest" tests="2" failures="0" timestamp="4 Apr 2019 12:08:31 GMT" time="105.17" errors="0">
  <testcase name="Easypay_Sap_Credit_BalancePageNavigation" time="86.081" classname="in.easypay.generictest.Easypay_Sap_Credit_BalanceTest"/>
  <testcase name="Easy_Distributor_validate" time="19.019" classname="in.easypay.generictest.Easypay_Sap_Credit_BalanceTest"/>
</testsuite> <!-- Easypay_Sap_Credit_BalanceTest -->
