<?xml version="1.0" encoding="UTF-8"?>
<!-- Generated by org.testng.reporters.JUnitXMLReporter -->
<testsuite hostname="IT-SANTOSHB" name="Easypay_FOSDealerTaggingChangeTest" tests="2" failures="0" timestamp="4 Apr 2019 12:08:36 GMT" time="4.545" errors="0">
  <testcase name="Easypay_FOSDealerTaggingChangePageNavigation" time="4.437" classname="in.easypay.generictest.Easypay_FOSDealerTaggingChangeTest"/>
  <testcase name="Easypay_FOSDealerTaggingChange" time="0.05" classname="in.easypay.generictest.Easypay_FOSDealerTaggingChangeTest"/>
</testsuite> <!-- Easypay_FOSDealerTaggingChangeTest -->
