<?xml version="1.0" encoding="UTF-8"?>
<!-- Generated by org.testng.reporters.JUnitXMLReporter -->
<testsuite hostname="IT-SANTOSHB" name="Easypay_Fos_Tech_Bal_ReversalTest" tests="2" failures="0" timestamp="4 Apr 2019 12:08:40 GMT" time="4.616" errors="0">
  <testcase name="Easypay_Fos_Tech_Bal_Reversal_navigation" time="4.486" classname="in.easypay.generictest.Easypay_Fos_Tech_Bal_ReversalTest"/>
  <testcase name="Easypay_Fos_Tech_Bal_Reversal" time="0.051" classname="in.easypay.generictest.Easypay_Fos_Tech_Bal_ReversalTest"/>
</testsuite> <!-- Easypay_Fos_Tech_Bal_ReversalTest -->
