<?xml version="1.0" encoding="UTF-8"?>
<!-- Generated by org.testng.reporters.JUnitXMLReporter -->
<testsuite hostname="IT-SANTOSHB" name="Easypay_TranactionApprovalTest" tests="2" failures="0" timestamp="8 Apr 2019 09:54:42 GMT" time="64.798" errors="0">
  <testcase name="Easy_Requesttransaction_negivation" time="4.491" classname="in.easypay.generictest.Easypay_TranactionApprovalTest"/>
  <testcase name="Easy_Search_tranRequest_ID_002" time="60.237" classname="in.easypay.generictest.Easypay_TranactionApprovalTest"/>
</testsuite> <!-- Easypay_TranactionApprovalTest -->
