<?xml version="1.0" encoding="UTF-8"?>
<!-- Generated by org.testng.reporters.JUnitXMLReporter -->
<testsuite hostname="IT-VivekK" name="Phoenix_Installation" tests="4" failures="0" timestamp="3 Mar 2021 11:47:56 GMT" time="12.601" errors="0">
  <testcase name="IB_CRM_Page_Navigation" time="11.612" classname="in.dishtv.Prospective.IB_Prospective_Token_Test"/>
  <testcase name="IB_Open_propsective_Tokenpage" time="0.091" classname="in.dishtv.Prospective.IB_Prospective_Token_Test"/>
  <testcase name="propsective_Tokenpage_Scenario" time="0.624" classname="in.dishtv.Prospective.IB_Prospective_Token_Test"/>
  <testcase name="Generate_propsective_Token" time="0.109" classname="in.dishtv.Prospective.IB_Prospective_Token_Test"/>
</testsuite> <!-- Phoenix_Installation -->
