<?xml version="1.0" encoding="UTF-8"?>
<!-- Generated by org.testng.reporters.JUnitXMLReporter -->
<testsuite hostname="IT-VIVEK" ignored="0" name="Login" tests="5" failures="5" timestamp="17 Dec 2018 09:52:44 GMT" time="4.552" errors="0">
  <testcase name="loginBlankCredentials" time="0.006" classname="in.dishtv.generictest.LoginTest">
    <failure type="java.lang.NullPointerException" message="null value in entry: url=null">
      <![CDATA[java.lang.NullPointerException: null value in entry: url=null
at com.google.common.collect.CollectPreconditions.checkEntryNotNull(CollectPreconditions.java:33)
at com.google.common.collect.SingletonImmutableBiMap.<init>(SingletonImmutableBiMap.java:39)
at com.google.common.collect.ImmutableBiMap.of(ImmutableBiMap.java:49)
at com.google.common.collect.ImmutableMap.of(ImmutableMap.java:70)
at org.openqa.selenium.remote.RemoteWebDriver.get(RemoteWebDriver.java:316)
at org.openqa.selenium.remote.RemoteWebDriver$RemoteNavigation.to(RemoteWebDriver.java:969)
at in.dishtv.library.BaseLibrary.initializeApplication(BaseLibrary.java:19)
at in.dishtv.generictest.LoginTest.loginBlankCredentials(LoginTest.java:32)
... Removed 25 stack frames]]>
    </failure>
  </testcase> <!-- loginBlankCredentials -->
  <testcase name="login_InvalidUserIDIandPassword" time="0.002" classname="in.dishtv.generictest.LoginTest">
    <failure type="java.lang.NullPointerException" message="null value in entry: url=null">
      <![CDATA[java.lang.NullPointerException: null value in entry: url=null
at com.google.common.collect.CollectPreconditions.checkEntryNotNull(CollectPreconditions.java:33)
at com.google.common.collect.SingletonImmutableBiMap.<init>(SingletonImmutableBiMap.java:39)
at com.google.common.collect.ImmutableBiMap.of(ImmutableBiMap.java:49)
at com.google.common.collect.ImmutableMap.of(ImmutableMap.java:70)
at org.openqa.selenium.remote.RemoteWebDriver.get(RemoteWebDriver.java:316)
at org.openqa.selenium.remote.RemoteWebDriver$RemoteNavigation.to(RemoteWebDriver.java:969)
at in.dishtv.library.BaseLibrary.initializeApplication(BaseLibrary.java:19)
at in.dishtv.generictest.LoginTest.login_InvalidUserIDIandPassword(LoginTest.java:62)
... Removed 25 stack frames]]>
    </failure>
  </testcase> <!-- login_InvalidUserIDIandPassword -->
  <testcase name="login_InvalidUserIdValidPassword" time="0.001" classname="in.dishtv.generictest.LoginTest">
    <failure type="java.lang.NullPointerException" message="null value in entry: url=null">
      <![CDATA[java.lang.NullPointerException: null value in entry: url=null
at com.google.common.collect.CollectPreconditions.checkEntryNotNull(CollectPreconditions.java:33)
at com.google.common.collect.SingletonImmutableBiMap.<init>(SingletonImmutableBiMap.java:39)
at com.google.common.collect.ImmutableBiMap.of(ImmutableBiMap.java:49)
at com.google.common.collect.ImmutableMap.of(ImmutableMap.java:70)
at org.openqa.selenium.remote.RemoteWebDriver.get(RemoteWebDriver.java:316)
at org.openqa.selenium.remote.RemoteWebDriver$RemoteNavigation.to(RemoteWebDriver.java:969)
at in.dishtv.library.BaseLibrary.initializeApplication(BaseLibrary.java:19)
at in.dishtv.generictest.LoginTest.login_InvalidUserIdValidPassword(LoginTest.java:42)
... Removed 25 stack frames]]>
    </failure>
  </testcase> <!-- login_InvalidUserIdValidPassword -->
  <testcase name="login_ValidUserIDInvalidPassword" time="0.002" classname="in.dishtv.generictest.LoginTest">
    <failure type="java.lang.NullPointerException" message="null value in entry: url=null">
      <![CDATA[java.lang.NullPointerException: null value in entry: url=null
at com.google.common.collect.CollectPreconditions.checkEntryNotNull(CollectPreconditions.java:33)
at com.google.common.collect.SingletonImmutableBiMap.<init>(SingletonImmutableBiMap.java:39)
at com.google.common.collect.ImmutableBiMap.of(ImmutableBiMap.java:49)
at com.google.common.collect.ImmutableMap.of(ImmutableMap.java:70)
at org.openqa.selenium.remote.RemoteWebDriver.get(RemoteWebDriver.java:316)
at org.openqa.selenium.remote.RemoteWebDriver$RemoteNavigation.to(RemoteWebDriver.java:969)
at in.dishtv.library.BaseLibrary.initializeApplication(BaseLibrary.java:19)
at in.dishtv.generictest.LoginTest.login_ValidUserIDInvalidPassword(LoginTest.java:53)
... Removed 25 stack frames]]>
    </failure>
  </testcase> <!-- login_ValidUserIDInvalidPassword -->
  <testcase name="loginwithValidUserIDPassword" time="0.001" classname="in.dishtv.generictest.LoginTest">
    <failure type="java.lang.NullPointerException" message="null value in entry: url=null">
      <![CDATA[java.lang.NullPointerException: null value in entry: url=null
at com.google.common.collect.CollectPreconditions.checkEntryNotNull(CollectPreconditions.java:33)
at com.google.common.collect.SingletonImmutableBiMap.<init>(SingletonImmutableBiMap.java:39)
at com.google.common.collect.ImmutableBiMap.of(ImmutableBiMap.java:49)
at com.google.common.collect.ImmutableMap.of(ImmutableMap.java:70)
at org.openqa.selenium.remote.RemoteWebDriver.get(RemoteWebDriver.java:316)
at org.openqa.selenium.remote.RemoteWebDriver$RemoteNavigation.to(RemoteWebDriver.java:969)
at in.dishtv.library.BaseLibrary.initializeApplication(BaseLibrary.java:19)
at in.dishtv.generictest.LoginTest.loginwithValidUserIDPassword(LoginTest.java:22)
... Removed 25 stack frames]]>
    </failure>
  </testcase> <!-- loginwithValidUserIDPassword -->
</testsuite> <!-- Login -->
