<?xml version="1.0" encoding="UTF-8"?>
<testng-results skipped="2" failed="0" total="2" passed="0">
  <reporter-output>
  </reporter-output>
  <suite name="Activation" duration-ms="63" started-at="2024-02-07T17:25:34Z" finished-at="2024-02-07T17:25:34Z">
    <groups>
    </groups>
    <test name="Login" duration-ms="23" started-at="2024-02-07T17:25:34Z" finished-at="2024-02-07T17:25:34Z">
      <class name="in.dishtv.Activation.PhoenixLoginTest">
        <test-method status="SKIP" signature="phoenixLoginValidUseridValidPassword()[pri:1, instance:in.dishtv.Activation.PhoenixLoginTest@727eb8cb]" name="phoenixLoginValidUseridValidPassword" duration-ms="3" started-at="2024-02-07T22:55:34Z" finished-at="2024-02-07T22:55:34Z">
          <reporter-output>
          </reporter-output>
        </test-method> <!-- phoenixLoginValidUseridValidPassword -->
        <test-method status="SKIP" signature="resultAnalysis(org.testng.ITestResult)[pri:0, instance:in.dishtv.Activation.PhoenixLoginTest@727eb8cb]" name="resultAnalysis" is-config="true" duration-ms="0" started-at="2024-02-07T22:55:34Z" finished-at="2024-02-07T22:55:34Z">
          <reporter-output>
          </reporter-output>
        </test-method> <!-- resultAnalysis -->
      </class> <!-- in.dishtv.Activation.PhoenixLoginTest -->
    </test> <!-- Login -->
    <test name="Phoenix_Installation" duration-ms="5" started-at="2024-02-07T17:25:34Z" finished-at="2024-02-07T17:25:34Z">
      <class name="in.dishtv.Activation.Phoenix_Installation_Version_Test">
        <test-method status="FAIL" signature="launchBrowser(java.lang.String)[pri:0, instance:in.dishtv.Activation.Phoenix_Installation_Version_Test@ff684e1]" name="launchBrowser" is-config="true" duration-ms="0" started-at="2024-02-07T22:54:13Z" finished-at="2024-02-07T22:54:13Z">
          <params>
            <param index="0">
              <value>
                <![CDATA[chrome]]>
              </value>
            </param>
          </params>
          <exception class="org.openqa.selenium.SessionNotCreatedException">
            <message>
              <![CDATA[session not created: This version of ChromeDriver only supports Chrome version 119
Current browser version is 121.0.6167.140 with binary path C:\Program Files (x86)\Google\Chrome\Application\chrome.exe
  (Driver info: chromedriver=119.0.6045.105 (38c72552c5e15ba9b3117c0967a0fd105072d7c6-refs/branch-heads/6045@{#1103}),platform=Windows NT 10.0.19045 x86_64) (WARNING: The server did not provide any stacktrace information)
Command duration or timeout: 4.39 seconds
Build info: version: '2.53.1', revision: 'a36b8b1', time: '2016-06-30 17:32:46'
System info: host: 'IT-VivekK', ip: '10.65.8.98', os.name: 'Windows 10', os.arch: 'amd64', os.version: '10.0', java.version: '1.8.0_201'
Driver info: org.openqa.selenium.chrome.ChromeDriver]]>
            </message>
            <full-stacktrace>
              <![CDATA[org.openqa.selenium.SessionNotCreatedException: session not created: This version of ChromeDriver only supports Chrome version 119
Current browser version is 121.0.6167.140 with binary path C:\Program Files (x86)\Google\Chrome\Application\chrome.exe
  (Driver info: chromedriver=119.0.6045.105 (38c72552c5e15ba9b3117c0967a0fd105072d7c6-refs/branch-heads/6045@{#1103}),platform=Windows NT 10.0.19045 x86_64) (WARNING: The server did not provide any stacktrace information)
Command duration or timeout: 4.39 seconds
Build info: version: '2.53.1', revision: 'a36b8b1', time: '2016-06-30 17:32:46'
System info: host: 'IT-VivekK', ip: '10.65.8.98', os.name: 'Windows 10', os.arch: 'amd64', os.version: '10.0', java.version: '1.8.0_201'
Driver info: org.openqa.selenium.chrome.ChromeDriver
	at sun.reflect.NativeConstructorAccessorImpl.newInstance0(Native Method)
	at sun.reflect.NativeConstructorAccessorImpl.newInstance(NativeConstructorAccessorImpl.java:62)
	at sun.reflect.DelegatingConstructorAccessorImpl.newInstance(DelegatingConstructorAccessorImpl.java:45)
	at java.lang.reflect.Constructor.newInstance(Constructor.java:423)
	at org.openqa.selenium.remote.ErrorHandler.createThrowable(ErrorHandler.java:206)
	at org.openqa.selenium.remote.ErrorHandler.throwIfResponseFailed(ErrorHandler.java:158)
	at org.openqa.selenium.remote.RemoteWebDriver.execute(RemoteWebDriver.java:678)
	at org.openqa.selenium.remote.RemoteWebDriver.startSession(RemoteWebDriver.java:249)
	at org.openqa.selenium.remote.RemoteWebDriver.<init>(RemoteWebDriver.java:131)
	at org.openqa.selenium.remote.RemoteWebDriver.<init>(RemoteWebDriver.java:144)
	at org.openqa.selenium.chrome.ChromeDriver.<init>(ChromeDriver.java:170)
	at org.openqa.selenium.chrome.ChromeDriver.<init>(ChromeDriver.java:159)
	at org.openqa.selenium.chrome.ChromeDriver.<init>(ChromeDriver.java:148)
	at in.dishtv.library.BaseLibrary.launchBrowser(BaseLibrary.java:58)
	at sun.reflect.NativeMethodAccessorImpl.invoke0(Native Method)
	at sun.reflect.NativeMethodAccessorImpl.invoke(NativeMethodAccessorImpl.java:62)
	at sun.reflect.DelegatingMethodAccessorImpl.invoke(DelegatingMethodAccessorImpl.java:43)
	at java.lang.reflect.Method.invoke(Method.java:498)
	at org.testng.internal.MethodInvocationHelper.invokeMethod(MethodInvocationHelper.java:85)
	at org.testng.internal.Invoker.invokeConfigurationMethod(Invoker.java:510)
	at org.testng.internal.Invoker.invokeConfigurations(Invoker.java:211)
	at org.testng.internal.Invoker.invokeConfigurations(Invoker.java:138)
	at org.testng.SuiteRunner.privateRun(SuiteRunner.java:298)
	at org.testng.SuiteRunner.run(SuiteRunner.java:261)
	at org.testng.SuiteRunnerWorker.runSuite(SuiteRunnerWorker.java:52)
	at org.testng.SuiteRunnerWorker.run(SuiteRunnerWorker.java:86)
	at org.testng.TestNG.runSuitesSequentially(TestNG.java:1215)
	at org.testng.TestNG.runSuitesLocally(TestNG.java:1140)
	at org.testng.TestNG.run(TestNG.java:1048)
	at org.testng.remote.AbstractRemoteTestNG.run(AbstractRemoteTestNG.java:114)
	at org.testng.remote.RemoteTestNG.initAndRun(RemoteTestNG.java:251)
	at org.testng.remote.RemoteTestNG.main(RemoteTestNG.java:77)
]]>
            </full-stacktrace>
          </exception> <!-- org.openqa.selenium.SessionNotCreatedException -->
          <reporter-output>
          </reporter-output>
        </test-method> <!-- launchBrowser -->
        <test-method status="SKIP" signature="Phoenix_Installation_Procss()[pri:4, instance:in.dishtv.Activation.Phoenix_Installation_Version_Test@ff684e1]" name="Phoenix_Installation_Procss" duration-ms="1" started-at="2024-02-07T22:55:34Z" finished-at="2024-02-07T22:55:34Z">
          <reporter-output>
          </reporter-output>
        </test-method> <!-- Phoenix_Installation_Procss -->
        <test-method status="SKIP" signature="resultAnalysis(org.testng.ITestResult)[pri:0, instance:in.dishtv.Activation.Phoenix_Installation_Version_Test@ff684e1]" name="resultAnalysis" is-config="true" duration-ms="0" started-at="2024-02-07T22:55:34Z" finished-at="2024-02-07T22:55:34Z">
          <reporter-output>
          </reporter-output>
        </test-method> <!-- resultAnalysis -->
        <test-method status="SKIP" signature="sendamil()[pri:0, instance:in.dishtv.Activation.Phoenix_Installation_Version_Test@ff684e1]" name="sendamil" is-config="true" duration-ms="0" started-at="2024-02-07T22:55:34Z" finished-at="2024-02-07T22:55:34Z">
          <reporter-output>
          </reporter-output>
        </test-method> <!-- sendamil -->
      </class> <!-- in.dishtv.Activation.Phoenix_Installation_Version_Test -->
    </test> <!-- Phoenix_Installation -->
  </suite> <!-- Activation -->
</testng-results>
