<?xml version="1.0" encoding="UTF-8"?>
<!-- Generated by org.testng.reporters.JUnitXMLReporter -->
<testsuite hostname="IT-VivekK" name="Installation" tests="3" failures="0" timestamp="1 Jun 2021 04:51:06 GMT" time="43.434" errors="0">
  <testcase name="check_title" time="23.364" classname="in.dishtv.Activation.D2h_Installation_Version_Test"/>
  <testcase name="countRunstatus" time="0.118" classname="in.dishtv.Activation.D2h_Installation_Version_Test"/>
  <testcase name="Phoenix_Installation_Procss" time="19.805" classname="in.dishtv.Activation.D2h_Installation_Version_Test"/>
</testsuite> <!-- Installation -->
