<?xml version="1.0" encoding="UTF-8"?>
<!-- Generated by org.testng.reporters.JUnitXMLReporter -->
<testsuite hostname="IT-VivekK" name="suite" tests="2" failures="0" timestamp="4 Jul 2019 11:05:36 GMT" time="2.25" errors="0">
  <testcase name="ActivationULRlaunch" time="1.249" classname="in.dishtv.Activation.CRM_installation_Login_Test"/>
  <testcase name="InstallationLoginValidUseridValidPassword" time="0.879" classname="in.dishtv.Activation.CRM_installation_Login_Test"/>
</testsuite> <!-- suite -->
