<?xml version="1.0" encoding="UTF-8"?>
<!-- Generated by org.testng.reporters.JUnitXMLReporter -->
<testsuite hostname="WEB-SANTOSHB" ignored="2" tests="0" failures="0" timestamp="05 Feb 2019 10:48:38 GMT" time="0.005" errors="0">
  <testcase name="Easy_Requesttransaction_negivation_001" time="0.0" classname="in.easypay.generictest.Easypay_TranactionApprovalTest">
    <ignored/>
  </testcase> <!-- Easy_Requesttransaction_negivation_001 -->
  <testcase name="Easy_Search_tranRequest_ID_002" time="0.0" classname="in.easypay.generictest.Easypay_TranactionApprovalTest">
    <ignored/>
  </testcase> <!-- Easy_Search_tranRequest_ID_002 -->
</testsuite>
