<?xml version="1.0" encoding="UTF-8"?>
<!-- Generated by org.testng.reporters.JUnitXMLReporter -->
<testsuite hostname="WEB-SANTOSHB" ignored="0" name="LoginLogouteasypay" tests="7" failures="0" timestamp="28 Jan 2019 10:01:02 GMT" time="23.463" errors="0">
  <testcase name="easyPay_Valid_Login_0001" time="9.956" classname="in.easypay.generictest.LoginLogouteasypaytest"/>
  <testcase name="easyPay_Logout_0002" time="0.429" classname="in.easypay.generictest.LoginLogouteasypaytest"/>
  <testcase name="easypaylogin_BlankValidation_0005" time="6.587" classname="in.easypay.generictest.LoginLogouteasypaytest"/>
  <testcase name="easypaylogin_UserName_BlankValidation_0006" time="1.515" classname="in.easypay.generictest.LoginLogouteasypaytest"/>
  <testcase name="easypaylogin_Password_BlankValidation_0007" time="1.58" classname="in.easypay.generictest.LoginLogouteasypaytest"/>
  <testcase name="easyPay_Invalid_UserID_0004" time="1.544" classname="in.easypay.generictest.LoginLogouteasypaytest"/>
  <testcase name="easyPay_Invalid_Password_0003" time="1.538" classname="in.easypay.generictest.LoginLogouteasypaytest"/>
</testsuite> <!-- LoginLogouteasypay -->
