<?xml version="1.0" encoding="UTF-8"?>
<!-- Generated by org.testng.reporters.JUnitXMLReporter -->
<testsuite hostname="IT-SANTOSHB" name="IB_Add_Installation_Test" tests="3" failures="0" timestamp="27 May 2019 08:29:39 GMT" time="15.82" errors="0">
  <testcase name="click_customerService" time="7.181" classname="in.dishtv.Activation.IB_Add_Installation_Test"/>
  <testcase name="click_on_installation_button" time="7.321" classname="in.dishtv.Activation.IB_Add_Installation_Test"/>
  <testcase name="AddInstallation" time="1.206" classname="in.dishtv.Activation.IB_Add_Installation_Test"/>
</testsuite> <!-- IB_Add_Installation_Test -->
