<?xml version="1.0" encoding="UTF-8"?>
<!-- Generated by org.testng.reporters.JUnitXMLReporter -->
<testsuite hostname="IT-VivekK" name="IB_Installation_Version" tests="3" failures="0" timestamp="27 Nov 2019 06:19:22 GMT" time="446.373" errors="0">
  <testcase name="countRunstatus" time="0.117" classname="in.dishtv.Activation.Phoenix_Installation_Version_Test"/>
  <testcase name="WriteExel" time="10.415" classname="in.dishtv.Activation.Phoenix_Installation_Version_Test"/>
  <testcase name="Phoenix_Installation_Procss" time="435.754" classname="in.dishtv.Activation.Phoenix_Installation_Version_Test"/>
</testsuite> <!-- IB_Installation_Version -->
