<?xml version="1.0" encoding="UTF-8"?>
<!-- Generated by org.testng.reporters.JUnitXMLReporter -->
<testsuite hostname="IT-VivekK" name="IB_Installation_Version_2_Test" tests="3" failures="0" timestamp="26 Nov 2019 05:45:27 GMT" time="22.477" errors="0">
  <testcase name="countRunstatus" time="0.061" classname="in.dishtv.Activation.Phoenix_Installation_Version_Test"/>
  <testcase name="WriteExel" time="16.008" classname="in.dishtv.Activation.Phoenix_Installation_Version_Test"/>
  <testcase name="WriteActivation_Data" time="6.338" classname="in.dishtv.Activation.Phoenix_Installation_Version_Test"/>
</testsuite> <!-- IB_Installation_Version_2_Test -->
