<?xml version="1.0" encoding="UTF-8"?>
<!-- Generated by org.testng.reporters.JUnitXMLReporter -->
<testsuite hostname="IT-VivekK" name="Installation_add_Installation_Call_Test1" tests="4" failures="0" timestamp="22 Aug 2019 11:00:21 GMT" time="147.295" errors="0">
  <testcase name="ActivationULRlaunch" time="3.876" classname="in.dishtv.Activation.Prospective_Installation__Call_Test"/>
  <testcase name="prospective_installation_login" time="5.002" classname="in.dishtv.Activation.Prospective_Installation__Call_Test"/>
  <testcase name="Prospective_icon_click" time="8.227" classname="in.dishtv.Activation.Prospective_Installation__Call_Test"/>
  <testcase name="TokenCreation_and_Prospective_details_submition" time="129.961" classname="in.dishtv.Activation.Prospective_Installation__Call_Test"/>
</testsuite> <!-- Installation_add_Installation_Call_Test1 -->
