<?xml version="1.0" encoding="UTF-8"?>
<!-- Generated by org.testng.reporters.JUnitXMLReporter -->
<testsuite hostname="IT-VivekK" name="Installation_add_Installation_Call_Test" tests="3" failures="0" timestamp="11 Jun 2019 12:39:35 GMT" time="119.225" errors="0">
  <testcase name="Installation_mousehover" time="7.644" classname="in.dishtv.Activation.Trade_add_Installation_Call_Test"/>
  <testcase name="installation_GetTittle" time="0.106" classname="in.dishtv.Activation.Trade_add_Installation_Call_Test"/>
  <testcase name="Negativecases" time="111.359" classname="in.dishtv.Activation.Trade_add_Installation_Call_Test"/>
</testsuite> <!-- Installation_add_Installation_Call_Test -->
