<?xml version="1.0" encoding="UTF-8"?>
<!-- Generated by org.testng.reporters.JUnitXMLReporter -->
<testsuite hostname="IT-VivekK" name="Login" tests="1" failures="0" timestamp="7 Feb 2024 17:25:34 GMT" time="0.023" errors="0">
  <testcase name="@AfterMethod resultAnalysis" time="0.0" classname="in.dishtv.Activation.PhoenixLoginTest">
    <skipped/>
  </testcase> <!-- @AfterMethod resultAnalysis -->
  <testcase name="phoenixLoginValidUseridValidPassword" time="0.003" classname="in.dishtv.Activation.PhoenixLoginTest">
    <skipped/>
  </testcase> <!-- phoenixLoginValidUseridValidPassword -->
</testsuite> <!-- Login -->
