<?xml version="1.0" encoding="UTF-8"?>
<!-- Generated by org.testng.reporters.JUnitXMLReporter -->
<testsuite hostname="IT-VivekK" name="Phoenix_Activation" tests="3" failures="0" timestamp="11 Aug 2020 10:06:55 GMT" time="28.835" errors="0">
  <testcase name="Dealer_Login" time="2.522" classname="in.dishtv.Activation.Phoenix_Activation_Test"/>
  <testcase name="Phoenix_call_Schedule" time="13.107" classname="in.dishtv.Activation.Phoenix_Activation_Test"/>
  <testcase name="Phoenix_Activation" time="13.148" classname="in.dishtv.Activation.Phoenix_Activation_Test"/>
</testsuite> <!-- Phoenix_Activation -->
