<?xml version="1.0" encoding="UTF-8"?>
<!-- Generated by org.testng.reporters.JUnitXMLReporter -->
<testsuite hostname="IT-VivekK" name="VC_Process" tests="5" failures="0" timestamp="27 Jan 2020 07:51:38 GMT" time="208.896" errors="0">
  <testcase name="IB_CRM_Page_Navigation" time="141.334" classname="in.dishtv.IB_CRM.IB_CRMVCProcess_Test"/>
  <testcase name="Ren_amt" time="10.68" classname="in.dishtv.IB_CRM.IB_CRMVCProcess_Test"/>
  <testcase name="SOA_Amount" time="15.436" classname="in.dishtv.IB_CRM.IB_CRMVCProcess_Test"/>
  <testcase name="Swich_off_date" time="25.838" classname="in.dishtv.IB_CRM.IB_CRMVCProcess_Test"/>
  <testcase name="Pack_Name" time="15.499" classname="in.dishtv.IB_CRM.IB_CRMVCProcess_Test"/>
</testsuite> <!-- VC_Process -->
